<?xml version="1.0" encoding="UTF-8"?>
<!-- Generated by org.testng.reporters.JUnitReportReporter -->
<testsuite hostname="Anup_Kumar" failures="0" tests="1" name="domo.Sample" time="0.013" errors="0" timestamp="2024-07-26T12:08:14 IST" skipped="0">
  <testcase classname="domo.Sample" name="demo" time="0.013"/>
  <system-out>
    <![CDATA[Sample class execute]]>
  </system-out>
</testsuite> <!-- domo.Sample -->
