<?xml version="1.0" encoding="UTF-8"?>
<!-- Generated by org.testng.reporters.JUnitReportReporter -->
<testsuite hostname="Anup_Kumar" failures="0" tests="1" name="extendsReports.ToLearnExtentReports" time="0.671" errors="0" timestamp="2024-08-09T11:41:44 IST" skipped="0">
  <testcase classname="extendsReports.ToLearnExtentReports" name="createReport" time="0.671"/>
  <system-out/>
</testsuite> <!-- extendsReports.ToLearnExtentReports -->
