<?xml version="1.0" encoding="UTF-8"?>
<!-- Generated by org.testng.reporters.JUnitReportReporter -->
<testsuite hostname="Anup_Kumar" failures="0" tests="2" name="cars.Lambo_CarTest" time="29.228" errors="0" timestamp="2024-07-31T12:27:33 IST" skipped="0">
  <testcase classname="cars.Lambo_CarTest" name="isTest" time="5.748"/>
  <system-out>
    <![CDATA[MY lambo car is lounch]]>
  </system-out>
  <testcase classname="cars.Lambo_CarTest" name="isTest" time="23.480"/>
  <system-out>
    <![CDATA[MY lambo car is lounch]]>
  </system-out>
</testsuite> <!-- cars.Lambo_CarTest -->
